<?xml version="1.0" encoding="UTF-8"?>
<!-- Generated by org.testng.reporters.JUnitReportReporter -->
<testsuite skipped="0" hostname="DESKTOP-A5GCHAB" name="seleniumdemo.Hashmap_Zerodha" tests="1" failures="0" timestamp="04 Jan 2020 11:08:27 GMT" time="70.530" errors="0">
  <testcase name="AddToCart" time="70.530" classname="seleniumdemo.Hashmap_Zerodha"/>
</testsuite> <!-- seleniumdemo.Hashmap_Zerodha -->
