<?xml version="1.0" encoding="UTF-8"?>
<!-- Generated by org.testng.reporters.JUnitReportReporter -->
<testsuite skipped="0" hostname="DESKTOP-A5GCHAB" name="seleniumDemo.Amazonassinment" tests="1" failures="0" timestamp="23 Jan 2020 10:02:20 GMT" time="40.518" errors="0">
  <testcase name="search" time="40.518" classname="seleniumDemo.Amazonassinment"/>
</testsuite> <!-- seleniumDemo.Amazonassinment -->
