<?xml version="1.0" encoding="UTF-8"?>
<!-- Generated by org.testng.reporters.JUnitReportReporter -->
<testsuite skipped="0" hostname="DESKTOP-A5GCHAB" name="seleniumDemo.MyntraLogin" tests="1" failures="0" timestamp="11 Nov 2019 03:34:39 GMT" time="49.375" errors="0">
  <testcase name="setUp" time="49.375" classname="seleniumDemo.MyntraLogin"/>
</testsuite> <!-- seleniumDemo.MyntraLogin -->
