<?xml version="1.0" encoding="UTF-8"?>
<!-- Generated by org.testng.reporters.JUnitReportReporter -->
<testsuite skipped="0" hostname="DESKTOP-A5GCHAB" name="seleniumDemo.NestedDropdowns" tests="1" failures="0" timestamp="11 Jan 2020 19:10:00 GMT" time="51.254" errors="0">
  <testcase name="DuplicatedropDown" time="51.254" classname="seleniumDemo.NestedDropdowns"/>
</testsuite> <!-- seleniumDemo.NestedDropdowns -->
