<?xml version="1.0" encoding="UTF-8"?>
<!-- Generated by org.testng.reporters.JUnitReportReporter -->
<testsuite skipped="0" hostname="DESKTOP-A5GCHAB" name="selenium4_features.Selenium4" tests="1" failures="0" timestamp="07 Jan 2020 07:44:30 GMT" time="32.275" errors="0">
  <testcase name="screenshotTest" time="32.275" classname="selenium4_features.Selenium4"/>
</testsuite> <!-- selenium4_features.Selenium4 -->
