<?xml version="1.0" encoding="UTF-8"?>
<!-- Generated by org.testng.reporters.JUnitReportReporter -->
<testsuite skipped="0" hostname="DESKTOP-A5GCHAB" name="seleniumDemo.Amazon_5Star" tests="1" failures="0" timestamp="21 Jan 2020 07:41:02 GMT" time="30.102" errors="0">
  <testcase name="search" time="30.102" classname="seleniumDemo.Amazon_5Star"/>
</testsuite> <!-- seleniumDemo.Amazon_5Star -->
